{
  "RSpec": {
    "coverage": {
      "/Users/xiaorich/www/fishlang/config/environment.rb": [
        null,
        1,
        null,
        null,
        1
      ],
      "/Users/xiaorich/www/fishlang/config/application.rb": [
        1,
        null,
        1,
        null,
        1,
        null,
        1,
        null,
        null,
        null,
        null,
        1,
        1,
        null,
        null,
        null,
        null,
        null,
        null,
        null,
        null,
        null,
        null,
        null,
        null,
        null,
        null,
        null,
        null,
        null,
        null,
        null,
        null,
        null,
        null,
        null,
        1,
        null,
        null,
        1,
        null,
        null,
        1,
        null,
        null,
        null,
        null,
        null,
        null,
        null,
        null,
        null,
        null,
        1,
        null,
        null,
        1,
        null,
        null,
        1,
        null,
        null
      ],
      "/Users/xiaorich/www/fishlang/config/boot.rb": [
        1,
        null,
        null,
        1,
        null,
        1
      ],
      "/Users/xiaorich/www/fishlang/config/environments/test.rb": [
        1,
        null,
        null,
        null,
        null,
        null,
        null,
        1,
        null,
        null,
        1,
        1,
        null,
        null,
        1,
        null,
        null,
        1,
        1,
        null,
        null,
        1,
        null,
        null,
        1,
        null,
        null,
        null,
        null,
        1,
        null,
        null,
        1,
        null,
        null,
        1,
        null
      ],
      "/Users/xiaorich/www/fishlang/config/initializers/backtrace_silencers.rb": [
        null,
        null,
        null,
        null,
        null,
        null,
        null
      ],
      "/Users/xiaorich/www/fishlang/config/initializers/devise.rb": [
        null,
        null,
        1,
        null,
        null,
        null,
        1,
        null,
        null,
        null,
        null,
        null,
        null,
        null,
        null,
        1,
        null,
        null,
        null,
        null,
        null,
        null,
        null,
        null,
        null,
        null,
        null,
        null,
        null,
        null,
        null,
        null,
        null,
        null,
        null,
        null,
        null,
        1,
        null,
        null,
        null,
        null,
        1,
        null,
        null,
        null,
        null,
        null,
        null,
        null,
        null,
        null,
        null,
        null,
        null,
        null,
        null,
        null,
        null,
        null,
        null,
        null,
        null,
        null,
        null,
        null,
        null,
        null,
        null,
        null,
        null,
        null,
        null,
        null,
        null,
        null,
        1,
        null,
        null,
        null,
        null,
        null,
        null,
        null,
        null,
        1,
        null,
        null,
        null,
        null,
        null,
        null,
        null,
        null,
        null,
        null,
        null,
        null,
        null,
        null,
        null,
        null,
        null,
        null,
        null,
        null,
        null,
        null,
        null,
        null,
        1,
        null,
        null,
        null,
        null,
        null,
        null,
        null,
        null,
        null,
        null,
        null,
        null,
        null,
        null,
        null,
        null,
        null,
        1,
        null,
        null,
        null,
        null,
        null,
        null,
        null,
        null,
        null,
        null,
        null,
        null,
        null,
        null,
        null,
        null,
        null,
        null,
        null,
        null,
        null,
        null,
        null,
        null,
        null,
        null,
        null,
        null,
        null,
        null,
        null,
        null,
        null,
        null,
        null,
        null,
        null,
        null,
        null,
        null,
        null,
        null,
        null,
        null,
        null,
        1,
        null,
        null,
        null,
        null,
        null,
        null,
        null,
        null,
        null,
        null,
        null,
        null,
        null,
        null,
        null,
        null,
        null,
        null,
        null,
        null,
        null,
        null,
        null,
        null,
        null,
        null,
        null,
        null,
        null,
        null,
        null,
        null,
        null,
        null,
        null,
        null,
        null,
        null,
        null,
        null,
        null,
        1,
        null,
        null,
        null,
        null,
        null,
        null,
        null,
        null,
        null,
        null,
        null,
        null,
        null,
        null,
        null,
        null,
        null,
        null,
        null,
        null,
        null,
        null,
        null,
        null,
        null,
        null,
        null,
        null,
        null
      ],
      "/Users/xiaorich/www/fishlang/config/initializers/inflections.rb": [
        null,
        null,
        null,
        null,
        null,
        null,
        null,
        null,
        null,
        null,
        null,
        null,
        null,
        null,
        null
      ],
      "/Users/xiaorich/www/fishlang/config/initializers/kaminari_config.rb": [
        1,
        null,
        null,
        null,
        null,
        null,
        null,
        null,
        null,
        null
      ],
      "/Users/xiaorich/www/fishlang/config/initializers/mime_types.rb": [
        null,
        null,
        null,
        null,
        null
      ],
      "/Users/xiaorich/www/fishlang/config/initializers/secret_token.rb": [
        null,
        null,
        null,
        null,
        null,
        null,
        1
      ],
      "/Users/xiaorich/www/fishlang/config/initializers/session_store.rb": [
        null,
        null,
        1,
        null,
        null,
        null,
        null,
        null
      ],
      "/Users/xiaorich/www/fishlang/config/initializers/simple_form.rb": [
        null,
        1,
        null,
        null,
        null,
        null,
        null,
        1,
        null,
        null,
        null,
        null,
        null,
        null,
        null,
        null,
        null,
        1,
        null,
        null,
        null,
        1,
        null,
        null,
        null,
        null,
        null,
        null,
        null,
        null,
        1,
        null,
        null,
        1,
        null,
        null,
        1,
        null,
        null,
        1,
        null,
        null,
        1,
        1,
        1,
        null,
        null,
        1,
        1,
        1,
        1,
        1,
        1,
        1,
        1,
        null,
        null,
        null,
        1,
        1,
        1,
        1,
        1,
        1,
        1,
        null,
        1,
        1,
        null,
        null,
        null,
        1,
        1,
        1,
        1,
        1,
        1,
        1,
        null,
        1,
        1,
        null,
        null,
        null,
        null,
        null,
        null,
        null,
        1,
        null,
        null,
        null,
        null,
        null,
        1,
        null,
        null,
        1,
        null,
        null,
        null,
        null,
        null,
        null,
        null,
        1,
        null,
        null,
        1,
        null,
        null,
        null,
        null,
        null,
        null,
        null,
        null,
        null,
        null,
        null,
        null,
        null,
        null,
        null,
        null,
        null,
        null,
        null,
        null,
        null,
        null,
        null,
        null,
        null,
        null,
        null,
        null,
        1,
        null,
        null,
        null,
        null,
        null,
        null,
        null,
        null,
        null,
        null,
        null,
        null,
        1,
        null,
        null,
        null,
        null,
        null,
        null,
        null,
        null,
        null,
        null,
        null,
        null,
        null,
        null,
        null,
        null,
        null,
        null,
        null,
        null,
        null,
        null,
        null,
        null,
        null,
        null,
        null
      ],
      "/Users/xiaorich/www/fishlang/config/initializers/wrap_parameters.rb": [
        null,
        null,
        null,
        null,
        null,
        null,
        1,
        1,
        null,
        null,
        null,
        1,
        1,
        null
      ],
      "/Users/xiaorich/www/fishlang/config/routes.rb": [
        1,
        null,
        1,
        null,
        1,
        1,
        1,
        null,
        null,
        null,
        1,
        1,
        1,
        1,
        null,
        null,
        null,
        1,
        1,
        1,
        1,
        1,
        null,
        null,
        null,
        null,
        1,
        1,
        1,
        null,
        null,
        null,
        null,
        1,
        1,
        null,
        1,
        null,
        1,
        null,
        1,
        1,
        1,
        null,
        null,
        null,
        null,
        null,
        1,
        null,
        null,
        null,
        null,
        1,
        null
      ],
      "/Users/xiaorich/www/fishlang/app/models/user.rb": [
        1,
        null,
        null,
        null,
        1,
        null,
        null,
        null,
        1,
        null,
        null,
        1,
        null,
        null,
        null,
        null,
        1,
        null,
        null,
        1,
        1,
        1,
        null
      ],
      "/Users/xiaorich/www/fishlang/app/models/user_exercise.rb": [
        1,
        1,
        null,
        1,
        null,
        1,
        null,
        1,
        null,
        1,
        null,
        1,
        376,
        376,
        376,
        376,
        376,
        376,
        376,
        null,
        null,
        1,
        961,
        null,
        null,
        1,
        473,
        null,
        452,
        null,
        452,
        null,
        452,
        452,
        452,
        null,
        452,
        null,
        null,
        null,
        1,
        44,
        30,
        15,
        null,
        null,
        1,
        470,
        470,
        470,
        null,
        null,
        null,
        1,
        1558,
        1558,
        null,
        null,
        null,
        null,
        1,
        1,
        1,
        null,
        null,
        1,
        188,
        183,
        null,
        183,
        null,
        null,
        188,
        null,
        null,
        null,
        null
      ],
      "/Users/xiaorich/www/fishlang/app/models/sentence_report.rb": [
        1,
        1,
        null,
        1,
        1,
        null,
        1,
        null,
        1,
        null,
        1,
        1,
        1,
        null,
        null,
        null,
        null
      ],
      "/Users/xiaorich/www/fishlang/app/models/sentence_failure.rb": [
        1,
        1,
        null,
        1,
        1,
        null,
        1,
        null,
        1,
        null,
        1,
        null,
        1,
        28,
        null,
        null,
        null,
        1,
        460,
        250,
        250,
        250,
        null,
        null,
        null,
        1,
        1,
        1,
        null,
        null,
        1,
        517,
        517,
        349,
        null,
        null,
        null,
        1,
        1,
        1,
        null,
        null,
        null,
        1,
        null,
        null
      ],
      "/Users/xiaorich/www/fishlang/app/models/sentence_failure_point.rb": [
        1,
        1,
        null,
        1,
        null,
        1,
        null,
        1,
        120,
        12,
        12,
        12,
        12,
        null,
        null,
        1,
        null,
        1,
        123,
        12,
        null,
        null,
        123,
        null,
        null,
        null,
        null
      ],
      "/Users/xiaorich/www/fishlang/app/controllers/application_controller.rb": [
        1,
        1,
        null
      ],
      "/Users/xiaorich/www/fishlang/app/helpers/application_helper.rb": [
        1,
        null,
        null
      ],
      "/Users/xiaorich/www/fishlang/app/controllers/admin/index_controller.rb": [
        1,
        1,
        1,
        null,
        1,
        0,
        null,
        null
      ],
      "/Users/xiaorich/www/fishlang/app/controllers/admin/lessons_controller.rb": [
        1,
        1,
        1,
        null,
        1,
        0,
        0,
        null,
        null,
        1,
        null,
        null,
        null
      ],
      "/Users/xiaorich/www/fishlang/app/models/lesson.rb": [
        1,
        1,
        null,
        1,
        1,
        null,
        1,
        null,
        null,
        1,
        107,
        107,
        214,
        2144,
        null,
        null,
        null,
        107,
        null,
        null,
        null,
        1,
        null,
        null
      ],
      "/Users/xiaorich/www/fishlang/app/models/lesson_point.rb": [
        1,
        1,
        null,
        1,
        1,
        null,
        1,
        null,
        1,
        162,
        12,
        12,
        12,
        12,
        null,
        null,
        1,
        1,
        1,
        null,
        null,
        1,
        172,
        172,
        null,
        null,
        null,
        null
      ],
      "/Users/xiaorich/www/fishlang/app/controllers/admin/practices_controller.rb": [
        1,
        1,
        1,
        null,
        1,
        0,
        0,
        null,
        null,
        1,
        0,
        null,
        0,
        null,
        null,
        null,
        1,
        0,
        null,
        0,
        null,
        null,
        1,
        0,
        0,
        null,
        0,
        null,
        null,
        1,
        0,
        null,
        null,
        null,
        null
      ],
      "/Users/xiaorich/www/fishlang/app/models/practice.rb": [
        1,
        1,
        null,
        1,
        1,
        null,
        1,
        null,
        1,
        237,
        null,
        null,
        1,
        null,
        null
      ],
      "/Users/xiaorich/www/fishlang/app/models/practice_point.rb": [
        1,
        1,
        null,
        1,
        1,
        null,
        1,
        null,
        1,
        188,
        17,
        17,
        17,
        17,
        null,
        null,
        1,
        1,
        1,
        null,
        null,
        1,
        210,
        210,
        null,
        null,
        null,
        null
      ],
      "/Users/xiaorich/www/fishlang/app/controllers/admin/sentence_reports_controller.rb": [
        1,
        1,
        1,
        null,
        1,
        0,
        null,
        null,
        null,
        1,
        0,
        null,
        null,
        1,
        null,
        null,
        1,
        0,
        null,
        0,
        null,
        null,
        null,
        null
      ],
      "/Users/xiaorich/www/fishlang/app/controllers/admin/sentence_translations_controller.rb": [
        1,
        1,
        1,
        null,
        1,
        0,
        0,
        null,
        null,
        null,
        1,
        0,
        null,
        0,
        null,
        null,
        1,
        0,
        0,
        null,
        0,
        null,
        null,
        null,
        null
      ],
      "/Users/xiaorich/www/fishlang/app/models/sentence_translation.rb": [
        1,
        1,
        null,
        1,
        null,
        1,
        null
      ],
      "/Users/xiaorich/www/fishlang/app/controllers/admin/sentences_controller.rb": [
        1,
        1,
        1,
        null,
        1,
        0,
        0,
        null,
        null,
        null,
        1,
        0,
        null,
        0,
        null,
        null,
        1,
        0,
        0,
        null,
        0,
        null,
        null,
        null,
        null
      ],
      "/Users/xiaorich/www/fishlang/app/models/sentence.rb": [
        1,
        1,
        null,
        1,
        1,
        null,
        null,
        null,
        null,
        1,
        null,
        1,
        473,
        473,
        null,
        473,
        473,
        null,
        411,
        null,
        null,
        1,
        943,
        469,
        null,
        null,
        1,
        453,
        453,
        null,
        453,
        453,
        453,
        null,
        null,
        1,
        478,
        478,
        null,
        478,
        null,
        null,
        1,
        945,
        null,
        null,
        null,
        1,
        null,
        null
      ],
      "/Users/xiaorich/www/fishlang/app/controllers/admin/users_controller.rb": [
        1,
        1,
        1,
        null,
        1,
        0,
        null,
        null,
        1,
        0,
        null,
        null,
        1,
        null,
        null,
        null
      ],
      "/Users/xiaorich/www/fishlang/app/controllers/home_controller.rb": [
        1,
        1,
        null,
        null
      ],
      "/Users/xiaorich/www/fishlang/app/controllers/lessons_controller.rb": [
        1,
        1,
        null,
        1,
        0,
        0,
        null,
        null,
        null,
        1,
        0,
        0,
        null,
        0,
        0,
        null,
        0,
        null,
        null,
        1,
        0,
        0,
        0,
        null,
        0,
        null,
        null,
        null
      ],
      "/Users/xiaorich/www/fishlang/app/controllers/practices_controller.rb": [
        1,
        1,
        1,
        null,
        1,
        14,
        null,
        null,
        null,
        1,
        0,
        null,
        null,
        1,
        14,
        null,
        14,
        14,
        null,
        null,
        1,
        0,
        0,
        0,
        null,
        0,
        null,
        null,
        1,
        0,
        null,
        0,
        0,
        null,
        null,
        0,
        0,
        null,
        null,
        0,
        null,
        null,
        null,
        null,
        null,
        null,
        null,
        null,
        null
      ],
      "/Users/xiaorich/www/fishlang/app/controllers/sentence_failures_controller.rb": [
        1,
        1,
        1,
        null,
        1,
        0,
        null,
        null,
        1,
        0,
        null,
        0,
        0,
        null,
        null,
        null,
        1,
        0,
        0,
        null,
        0,
        null,
        null,
        null
      ],
      "/Users/xiaorich/www/fishlang/app/controllers/sentences_controller.rb": [
        1,
        1,
        1,
        null,
        1,
        474,
        null,
        474,
        474,
        474,
        null,
        null,
        null,
        1,
        0,
        0,
        null,
        0,
        null,
        null,
        null,
        1,
        470,
        null,
        470,
        464,
        null,
        464,
        null,
        464,
        464,
        null,
        464,
        null,
        null,
        null,
        null,
        null,
        null,
        null,
        null,
        null,
        1,
        4,
        null,
        null,
        null,
        null,
        null,
        null,
        4,
        null,
        null,
        null,
        null
      ],
      "/Users/xiaorich/www/fishlang/app/controllers/users_controller.rb": [
        1,
        null
      ],
      "/Users/xiaorich/www/fishlang/app/models/category.rb": [
        1,
        1,
        null,
        1,
        null,
        1,
        null,
        null
      ],
      "/Users/xiaorich/www/fishlang/app/serializers/lesson_serializer.rb": [
        1,
        1,
        null
      ],
      "/Users/xiaorich/www/fishlang/app/serializers/practice_serializer.rb": [
        1,
        1,
        null
      ],
      "/Users/xiaorich/www/fishlang/app/serializers/sentence_serializer.rb": [
        1,
        1,
        null,
        null
      ],
      "/Users/xiaorich/www/fishlang/spec/factories/category.rb": [
        1,
        1,
        230,
        null,
        null
      ],
      "/Users/xiaorich/www/fishlang/spec/factories/lesson.rb": [
        1,
        1,
        1,
        230,
        null,
        null
      ],
      "/Users/xiaorich/www/fishlang/spec/factories/practice.rb": [
        1,
        1,
        1,
        298,
        null,
        null
      ],
      "/Users/xiaorich/www/fishlang/spec/factories/sentence.rb": [
        1,
        1,
        1,
        2764,
        2769,
        null,
        null
      ],
      "/Users/xiaorich/www/fishlang/spec/factories/sentence_failure.rb": [
        1,
        1,
        1,
        1,
        1,
        1,
        null,
        null
      ],
      "/Users/xiaorich/www/fishlang/spec/factories/sentence_translation.rb": [
        1,
        1,
        1,
        null,
        null
      ],
      "/Users/xiaorich/www/fishlang/spec/factories/user.rb": [
        1,
        457,
        null,
        1,
        229,
        229,
        1,
        null,
        null,
        null,
        null
      ],
      "/Users/xiaorich/www/fishlang/spec/controllers/sentences_controller_spec.rb": [
        1,
        null,
        null,
        1,
        1,
        56,
        56,
        null,
        null,
        56,
        56,
        560,
        null,
        560,
        null,
        56,
        null,
        56,
        56,
        null,
        null,
        null,
        null,
        null,
        1,
        1,
        13,
        13,
        13,
        null,
        null,
        1,
        1,
        null,
        null,
        null,
        1,
        null,
        1,
        6,
        6,
        6,
        null,
        null,
        1,
        1,
        1,
        null,
        null,
        1,
        1,
        null,
        null,
        1,
        1,
        null,
        null,
        1,
        1,
        null,
        null,
        1,
        1,
        null,
        null,
        1,
        1,
        null,
        null,
        null,
        null,
        1,
        1,
        6,
        6,
        6,
        null,
        null,
        1,
        1,
        null,
        null,
        1,
        1,
        null,
        null,
        1,
        1,
        null,
        null,
        null,
        1,
        1,
        null,
        null,
        1,
        1,
        null,
        null,
        1,
        1,
        null,
        null,
        null,
        null,
        null,
        null,
        null,
        null,
        null,
        null,
        1,
        1,
        20,
        20,
        20,
        null,
        null,
        null,
        1,
        null,
        1,
        5,
        5,
        5,
        null,
        null,
        1,
        1,
        null,
        null,
        1,
        1,
        null,
        null,
        1,
        1,
        null,
        null,
        1,
        1,
        null,
        null,
        1,
        1,
        null,
        null,
        null,
        null,
        null,
        1,
        null,
        1,
        15,
        15,
        null,
        15,
        15,
        15,
        null,
        null,
        1,
        1,
        null,
        null,
        1,
        1,
        null,
        null,
        1,
        1,
        null,
        null,
        1,
        1,
        null,
        null,
        1,
        1,
        null,
        null,
        1,
        1,
        5,
        5,
        null,
        null,
        1,
        1,
        null,
        null,
        1,
        1,
        null,
        null,
        1,
        1,
        null,
        null,
        1,
        1,
        null,
        null,
        1,
        1,
        null,
        null,
        null,
        null,
        1,
        1,
        5,
        5,
        5,
        null,
        null,
        1,
        1,
        null,
        null,
        1,
        1,
        null,
        null,
        1,
        1,
        null,
        null,
        1,
        1,
        null,
        null,
        1,
        1,
        null,
        null,
        null,
        null,
        null,
        null,
        null,
        null,
        null,
        null,
        1,
        1,
        3,
        3,
        null,
        3,
        3,
        null,
        null,
        1,
        1,
        null,
        null,
        1,
        1,
        null,
        null,
        1,
        1,
        null,
        null,
        null,
        null,
        null,
        null,
        1,
        1,
        20,
        null,
        null,
        1,
        1,
        null,
        null,
        1,
        1,
        null,
        null,
        1,
        1,
        null,
        null,
        1,
        1,
        null,
        null,
        1,
        1,
        null,
        null,
        1,
        1,
        null,
        null,
        null,
        1,
        null,
        1,
        1,
        null,
        5,
        5,
        50,
        null,
        5,
        null,
        null,
        1,
        1,
        null,
        null,
        1,
        1,
        null,
        null,
        1,
        1,
        null,
        null,
        1,
        1,
        null,
        null,
        1,
        1,
        10,
        10,
        null,
        null,
        null,
        null,
        null,
        null,
        null,
        1,
        null,
        1,
        1,
        null,
        5,
        5,
        50,
        null,
        null,
        5,
        null,
        5,
        null,
        null,
        1,
        1,
        null,
        null,
        1,
        1,
        null,
        null,
        1,
        1,
        null,
        null,
        1,
        1,
        null,
        null,
        1,
        1,
        10,
        10,
        null,
        null,
        null,
        null,
        null,
        null,
        null,
        null,
        1,
        null,
        1,
        1,
        null,
        4,
        4,
        32,
        null,
        4,
        4,
        null,
        4,
        null,
        null,
        null,
        1,
        1,
        null,
        null,
        1,
        1,
        null,
        null,
        1,
        1,
        null,
        null,
        1,
        1,
        null,
        null,
        null,
        null,
        null,
        null,
        null,
        null,
        null,
        null,
        null,
        null,
        1,
        1,
        53,
        53,
        null,
        53,
        53,
        53,
        null,
        53,
        530,
        null,
        530,
        null,
        null,
        53,
        530,
        null,
        530,
        null,
        null,
        53,
        null,
        53,
        53,
        null,
        null,
        null,
        null,
        null,
        1,
        1,
        13,
        13,
        13,
        null,
        null,
        1,
        1,
        null,
        null,
        null,
        1,
        null,
        1,
        6,
        6,
        6,
        null,
        null,
        1,
        1,
        1,
        null,
        null,
        1,
        1,
        null,
        null,
        1,
        1,
        null,
        null,
        1,
        1,
        null,
        null,
        1,
        1,
        null,
        null,
        1,
        1,
        null,
        null,
        null,
        null,
        1,
        1,
        6,
        6,
        6,
        null,
        null,
        1,
        1,
        null,
        null,
        1,
        1,
        null,
        null,
        1,
        1,
        null,
        null,
        null,
        1,
        1,
        null,
        null,
        1,
        1,
        null,
        null,
        1,
        1,
        null,
        null,
        null,
        null,
        null,
        null,
        null,
        null,
        null,
        null,
        1,
        1,
        20,
        20,
        20,
        null,
        null,
        null,
        1,
        null,
        1,
        5,
        5,
        5,
        null,
        null,
        1,
        1,
        null,
        null,
        1,
        1,
        null,
        null,
        1,
        1,
        null,
        null,
        1,
        1,
        null,
        null,
        1,
        1,
        null,
        null,
        null,
        null,
        null,
        1,
        null,
        1,
        15,
        15,
        null,
        15,
        15,
        15,
        null,
        null,
        1,
        1,
        null,
        null,
        1,
        1,
        null,
        null,
        1,
        1,
        null,
        null,
        1,
        1,
        null,
        null,
        1,
        1,
        null,
        null,
        1,
        1,
        5,
        5,
        null,
        null,
        1,
        1,
        null,
        null,
        1,
        1,
        null,
        null,
        1,
        1,
        null,
        null,
        1,
        1,
        null,
        null,
        1,
        1,
        null,
        null,
        null,
        null,
        1,
        1,
        5,
        5,
        5,
        null,
        null,
        1,
        1,
        null,
        null,
        1,
        1,
        null,
        null,
        1,
        1,
        null,
        null,
        1,
        1,
        null,
        null,
        1,
        1,
        null,
        null,
        null,
        null,
        null,
        null,
        null,
        null,
        null,
        null,
        1,
        1,
        3,
        3,
        null,
        3,
        3,
        null,
        null,
        1,
        1,
        null,
        null,
        1,
        1,
        null,
        null,
        1,
        1,
        null,
        null,
        null,
        null,
        null,
        null,
        1,
        1,
        17,
        null,
        null,
        1,
        1,
        null,
        null,
        1,
        1,
        null,
        null,
        1,
        1,
        null,
        null,
        1,
        1,
        null,
        null,
        1,
        1,
        null,
        null,
        null,
        1,
        null,
        1,
        1,
        null,
        4,
        4,
        40,
        null,
        4,
        null,
        null,
        1,
        1,
        null,
        null,
        1,
        1,
        null,
        null,
        1,
        1,
        null,
        null,
        1,
        1,
        null,
        null,
        null,
        null,
        null,
        null,
        1,
        null,
        1,
        1,
        null,
        4,
        4,
        40,
        null,
        4,
        null,
        null,
        1,
        1,
        null,
        null,
        1,
        1,
        null,
        null,
        1,
        1,
        null,
        null,
        1,
        1,
        null,
        null,
        null,
        null,
        null,
        null,
        1,
        null,
        1,
        1,
        null,
        4,
        4,
        32,
        null,
        4,
        4,
        null,
        4,
        null,
        null,
        null,
        1,
        1,
        null,
        null,
        1,
        1,
        null,
        null,
        1,
        1,
        null,
        null,
        1,
        1,
        null,
        null,
        null,
        null,
        null,
        null,
        null,
        null,
        null,
        null,
        null,
        null,
        1,
        null,
        1,
        14,
        14,
        null,
        14,
        14,
        14,
        null,
        14,
        140,
        null,
        140,
        null,
        140,
        null,
        null,
        14,
        140,
        null,
        140,
        null,
        140,
        null,
        null,
        14,
        null,
        14,
        null,
        null,
        1,
        1,
        14,
        null,
        null,
        1,
        1,
        null,
        null,
        1,
        1,
        null,
        null,
        null,
        1,
        null,
        1,
        1,
        null,
        4,
        4,
        40,
        null,
        4,
        null,
        null,
        1,
        1,
        null,
        null,
        1,
        1,
        null,
        null,
        1,
        1,
        null,
        null,
        1,
        null,
        1,
        null,
        null,
        null,
        null,
        null,
        null,
        null,
        1,
        null,
        1,
        1,
        null,
        4,
        4,
        40,
        null,
        4,
        null,
        null,
        1,
        1,
        null,
        null,
        1,
        1,
        null,
        null,
        1,
        1,
        null,
        null,
        1,
        1,
        null,
        null,
        null,
        null,
        null,
        null,
        1,
        null,
        1,
        1,
        null,
        4,
        4,
        32,
        null,
        4,
        4,
        null,
        4,
        null,
        null,
        null,
        1,
        1,
        null,
        null,
        1,
        1,
        null,
        null,
        1,
        1,
        null,
        null,
        1,
        1,
        null,
        null,
        null,
        null,
        null,
        null,
        null,
        null,
        null,
        null,
        null,
        1,
        null,
        1,
        null,
        1,
        4,
        4,
        null,
        4,
        null,
        4,
        null,
        4,
        null,
        null,
        1,
        1,
        null,
        null,
        1,
        1,
        null,
        null,
        1,
        1,
        null,
        null,
        1,
        1,
        null,
        null,
        null,
        null,
        null,
        null
      ],
      "/Users/xiaorich/www/fishlang/spec/models/lesson_spec.rb": [
        1,
        null,
        1,
        1,
        1,
        1,
        1,
        null,
        13,
        13,
        null,
        1,
        null,
        1,
        null,
        null,
        1,
        1,
        null,
        null,
        null,
        null
      ],
      "/Users/xiaorich/www/fishlang/spec/models/sentence_failure_spec.rb": [
        1,
        null,
        1,
        1,
        9,
        9,
        null,
        9,
        null,
        null,
        1,
        1,
        null,
        null,
        1,
        1,
        null,
        null,
        null,
        1,
        null,
        1,
        1,
        4,
        null,
        null,
        1,
        1,
        null,
        null,
        1,
        1,
        null,
        null,
        1,
        1,
        2,
        null,
        null,
        1,
        1,
        null,
        null,
        1,
        1,
        null,
        null,
        null,
        null,
        null,
        null,
        1,
        1,
        2,
        null,
        null,
        1,
        1,
        null,
        null,
        1,
        1,
        null,
        null,
        null,
        null,
        null,
        null,
        null,
        null,
        1,
        1,
        6,
        9,
        3,
        null,
        null,
        1,
        1,
        null,
        null,
        null,
        null,
        null
      ],
      "/Users/xiaorich/www/fishlang/spec/models/sentence_spec.rb": [
        1,
        null,
        1,
        1,
        18,
        18,
        null,
        18,
        18,
        null,
        null,
        1,
        1,
        169,
        169,
        null,
        null,
        null,
        null,
        1,
        1,
        7,
        7,
        7,
        null,
        null,
        1,
        1,
        1,
        null,
        null,
        1,
        1,
        null,
        null,
        null,
        1,
        1,
        null,
        null,
        1,
        1,
        null,
        null,
        1,
        1,
        null,
        null,
        null,
        1,
        1,
        1,
        null,
        null,
        1,
        null,
        null,
        null,
        1,
        1,
        2,
        2,
        null,
        null,
        null,
        1,
        1,
        null,
        null,
        1,
        1,
        1,
        null,
        null,
        null,
        null,
        null,
        null,
        null,
        null,
        1,
        1,
        6,
        6,
        null,
        6,
        6,
        null,
        6,
        null,
        null,
        1,
        1,
        3,
        3,
        null,
        null,
        1,
        1,
        null,
        null,
        1,
        1,
        null,
        null,
        1,
        1,
        1,
        null,
        null,
        1,
        1,
        null,
        null,
        null,
        null,
        null,
        1,
        1,
        null,
        null,
        1,
        1,
        null,
        null,
        1,
        null,
        1,
        1,
        10,
        9,
        null,
        null,
        null,
        null,
        null,
        null,
        null,
        null,
        null,
        null,
        null,
        null,
        null,
        1,
        null,
        1,
        5,
        5,
        null,
        null,
        null,
        null,
        5,
        null,
        null,
        null,
        null,
        null,
        null,
        null,
        1,
        1,
        3,
        3,
        3,
        null,
        null,
        1,
        1,
        null,
        null,
        1,
        1,
        null,
        null,
        1,
        1,
        null,
        null,
        null,
        1,
        1,
        2,
        2,
        null,
        null,
        1,
        1,
        null,
        null,
        1,
        1,
        null,
        null,
        null,
        null,
        null,
        null,
        null,
        null
      ],
      "/Users/xiaorich/www/fishlang/spec/models/user_exercise_spec.rb": [
        1,
        null,
        1,
        1,
        31,
        31,
        null,
        403,
        null,
        31,
        null,
        null,
        1,
        1,
        null,
        null,
        1,
        1,
        30,
        null,
        null,
        1,
        1,
        null,
        null,
        1,
        1,
        null,
        null,
        1,
        1,
        5,
        null,
        null,
        1,
        1,
        null,
        null,
        1,
        1,
        null,
        null,
        1,
        1,
        null,
        null,
        1,
        1,
        null,
        null,
        1,
        1,
        null,
        null,
        null,
        null,
        1,
        null,
        1,
        1,
        7,
        null,
        null,
        1,
        1,
        null,
        null,
        1,
        1,
        1,
        null,
        null,
        1,
        1,
        1,
        2,
        null,
        null,
        1,
        1,
        1,
        2,
        null,
        null,
        1,
        1,
        1,
        2,
        null,
        null,
        1,
        1,
        1,
        null,
        null,
        1,
        1,
        1,
        1,
        null,
        null,
        null,
        null,
        null,
        1,
        1,
        7,
        null,
        null,
        1,
        1,
        null,
        null,
        1,
        1,
        1,
        null,
        null,
        1,
        1,
        1,
        2,
        null,
        null,
        1,
        1,
        1,
        2,
        null,
        null,
        1,
        1,
        1,
        2,
        null,
        null,
        1,
        1,
        1,
        null,
        null,
        1,
        1,
        1,
        1,
        null,
        null,
        null,
        null,
        null,
        null,
        null,
        null,
        1,
        1,
        1,
        3,
        3,
        null,
        null,
        1,
        1,
        null,
        null,
        1,
        1,
        1,
        1,
        2,
        null,
        null,
        null,
        1,
        1,
        1,
        1,
        null,
        null,
        1,
        1,
        1,
        2,
        null,
        null,
        null,
        null,
        null,
        1,
        1,
        3,
        3,
        null,
        null,
        1,
        1,
        null,
        null,
        1,
        1,
        1,
        1,
        2,
        null,
        null,
        null,
        1,
        1,
        1,
        1,
        null,
        null,
        1,
        1,
        1,
        2,
        null,
        null,
        null,
        null,
        null,
        1,
        1,
        3,
        3,
        null,
        null,
        1,
        1,
        null,
        null,
        1,
        1,
        1,
        1,
        2,
        null,
        null,
        null,
        1,
        1,
        1,
        1,
        null,
        null,
        1,
        1,
        1,
        2,
        null,
        null,
        null,
        null,
        null,
        null,
        null,
        null,
        null,
        null,
        null,
        null
      ]
    },
    "timestamp": 1373793900
  }
}
